Log file open, 03/26/19 18:29:19
LogWindows: Failed to load 'aqProf.dll' (GetLastError=126)
LogWindows: File 'aqProf.dll' does not exist
LogWindows: Failed to load 'VtuneApi.dll' (GetLastError=126)
LogWindows: File 'VtuneApi.dll' does not exist
LogWindows: Failed to load 'VtuneApi32e.dll' (GetLastError=126)
LogWindows: File 'VtuneApi32e.dll' does not exist
LogConsoleResponse: Display: Failed to find resolution value strings in scalability ini. Falling back to default.
LogInit: Display: Running engine for game: Burning
LogPakFile: Registered encryption key '00000000000000000000000000000000': 0 pak files mounted, 0 remain pending
LogPlatformFile: Not using cached read wrapper
LogTaskGraph: Started task graph with 5 named threads and 23 total threads with 3 sets of task threads.
LogStats: Stats thread started at 0.305603
LogD3D11RHI: Loaded GFSDK_Aftermath_Lib.x64.dll
LogICUInternationalization: ICU TimeZone Detection - Raw Offset: -5:00, Platform Override: ''
LogPluginManager: Mounting plugin Paper2D
LogPluginManager: Mounting plugin AISupport
LogPluginManager: Mounting plugin LightPropagationVolume
LogPluginManager: Mounting plugin ActorLayerUtilities
LogPluginManager: Mounting plugin CLionSourceCodeAccess
LogPluginManager: Mounting plugin CodeLiteSourceCodeAccess
LogPluginManager: Mounting plugin GitSourceControl
LogPluginManager: Mounting plugin KDevelopSourceCodeAccess
LogPluginManager: Mounting plugin NullSourceCodeAccess
LogPluginManager: Mounting plugin PerforceSourceControl
LogPluginManager: Mounting plugin SubversionSourceControl
LogPluginManager: Mounting plugin UObjectPlugin
LogPluginManager: Mounting plugin VisualStudioCodeSourceCodeAccess
LogPluginManager: Mounting plugin VisualStudioSourceCodeAccess
LogPluginManager: Mounting plugin XCodeSourceCodeAccess
LogPluginManager: Mounting plugin AssetManagerEditor
LogPluginManager: Mounting plugin CryptoKeys
LogPluginManager: Mounting plugin DataValidation
LogPluginManager: Mounting plugin FacialAnimation
LogPluginManager: Mounting plugin GameplayTagsEditor
LogPluginManager: Mounting plugin MacGraphicsSwitching
LogPluginManager: Mounting plugin MeshEditor
LogPluginManager: Mounting plugin MobileLauncherProfileWizard
LogPluginManager: Mounting plugin PluginBrowser
LogPluginManager: Mounting plugin SpeedTreeImporter
LogPluginManager: Mounting plugin DatasmithContent
LogPluginManager: Mounting plugin VariantManagerContent
LogPluginManager: Mounting plugin AlembicImporter
LogPluginManager: Mounting plugin AppleImageUtils
LogPluginManager: Mounting plugin AppleVision
LogPluginManager: Mounting plugin BackChannel
LogPluginManager: Mounting plugin CharacterAI
LogPluginManager: Mounting plugin GeometryCache
LogPluginManager: Mounting plugin HTML5Networking
LogPluginManager: Mounting plugin ProxyLODPlugin
LogPluginManager: Mounting plugin MagicLeap
LogPluginManager: Mounting plugin MagicLeapMedia
LogPluginManager: Mounting plugin AndroidMedia
LogPluginManager: Mounting plugin AvfMedia
LogPluginManager: Mounting plugin ImgMedia
LogPluginManager: Mounting plugin LinearTimecode
LogPluginManager: Mounting plugin MediaCompositing
LogPluginManager: Mounting plugin MediaPlayerEditor
LogPluginManager: Mounting plugin WebMMedia
LogPluginManager: Mounting plugin WmfMedia
LogPluginManager: Mounting plugin TcpMessaging
LogPluginManager: Mounting plugin UdpMessaging
LogPluginManager: Mounting plugin ActorSequence
LogPluginManager: Mounting plugin LevelSequenceEditor
LogPluginManager: Mounting plugin MatineeToLevelSequence
LogPluginManager: Mounting plugin NetcodeUnitTest
LogPluginManager: Mounting plugin NUTUnrealEngine4
LogPluginManager: Mounting plugin OnlineSubsystemGooglePlay
LogPluginManager: Mounting plugin OnlineSubsystemIOS
LogPluginManager: Mounting plugin OnlineSubsystem
LogPluginManager: Mounting plugin OnlineSubsystemNull
LogPluginManager: Mounting plugin OnlineSubsystemUtils
LogPluginManager: Mounting plugin LauncherChunkInstaller
LogPluginManager: Mounting plugin AndroidDeviceProfileSelector
LogPluginManager: Mounting plugin AndroidMoviePlayer
LogPluginManager: Mounting plugin AndroidPermission
LogPluginManager: Mounting plugin AppleMoviePlayer
LogPluginManager: Mounting plugin ArchVisCharacter
LogPluginManager: Mounting plugin AudioCapture
LogPluginManager: Mounting plugin CableComponent
LogPluginManager: Mounting plugin CustomMeshComponent
LogPluginManager: Mounting plugin EditableMesh
LogPluginManager: Mounting plugin ExampleDeviceProfileSelector
LogPluginManager: Mounting plugin Firebase
LogPluginManager: Mounting plugin GoogleCloudMessaging
LogPluginManager: Mounting plugin IOSDeviceProfileSelector
LogPluginManager: Mounting plugin LinuxDeviceProfileSelector
LogPluginManager: Mounting plugin LocationServicesBPLibrary
LogPluginManager: Mounting plugin MobilePatchingUtils
LogPluginManager: Mounting plugin OculusVR
LogPluginManager: Mounting plugin PhysXVehicles
LogPluginManager: Mounting plugin ProceduralMeshComponent
LogPluginManager: Mounting plugin RuntimePhysXCooking
LogPluginManager: Mounting plugin SteamVR
LogPluginManager: Mounting plugin WebMMoviePlayer
LogPluginManager: Mounting plugin WindowsMoviePlayer
LogStreaming: Display: Took  0.094s to configure plugins.
LogInit: Using libcurl 7.55.1-DEV
LogInit:  - built for x86_64-pc-win32
LogInit:  - supports SSL with OpenSSL/1.0.2h
LogInit:  - supports HTTP deflate (compression) using libz 1.2.8
LogInit:  - other features:
LogInit:      CURL_VERSION_SSL
LogInit:      CURL_VERSION_LIBZ
LogInit:      CURL_VERSION_IPV6
LogInit:      CURL_VERSION_ASYNCHDNS
LogInit:      CURL_VERSION_LARGEFILE
LogInit:      CURL_VERSION_IDN
LogInit:  CurlRequestOptions (configurable via config and command line):
LogInit:  - bVerifyPeer = true  - Libcurl will verify peer certificate
LogInit:  - bUseHttpProxy = false  - Libcurl will NOT use HTTP proxy
LogInit:  - bDontReuseConnections = false  - Libcurl will reuse connections
LogInit:  - MaxHostConnections = 16  - Libcurl will limit the number of connections to a host
LogInit:  - LocalHostAddr = Default
LogInit:  - BufferSize = 65536
LogInit: WinSock: version 1.1 (2.2), MaxSocks=32767, MaxUdp=65467
LogHMD: Failed initializing OVRPlugin 1.28.0
LogInit: Build: ++UE4+Release-4.21-CL-4541578
LogInit: Engine Version: 4.21.0-4541578+++UE4+Release-4.21
LogInit: Compatible Engine Version: 4.21.0-4541578+++UE4+Release-4.21
LogInit: Net CL: 4541578
LogInit: OS: Windows 10 (), CPU: Intel(R) Xeon(R) CPU E5-1630 v4 @ 3.70GHz, GPU: NVIDIA GeForce GTX 1070
LogInit: Compiled (64-bit): Nov  6 2018 02:04:24
LogInit: Compiled with Visual C++: 19.13.26129.00
LogInit: Build Configuration: Development
LogInit: Branch Name: ++UE4+Release-4.21
LogInit: Command Line: 
LogInit: Base Directory: D:/UE_4.21/Engine/Binaries/Win64/
LogInit: Installed Engine Build: 1
LogDevObjectVersion: Number of dev versions registered: 22
LogDevObjectVersion:   Dev-Blueprints (B0D832E4-1F89-4F0D-ACCF-7EB736FD4AA2): 10
LogDevObjectVersion:   Dev-Build (E1C64328-A22C-4D53-A36C-8E866417BD8C): 0
LogDevObjectVersion:   Dev-Core (375EC13C-06E4-48FB-B500-84F0262A717E): 2
LogDevObjectVersion:   Dev-Editor (E4B068ED-F494-42E9-A231-DA0B2E46BB41): 26
LogDevObjectVersion:   Dev-Framework (CFFC743F-43B0-4480-9391-14DF171D2073): 34
LogDevObjectVersion:   Dev-Mobile (B02B49B5-BB20-44E9-A304-32B752E40360): 2
LogDevObjectVersion:   Dev-Networking (A4E4105C-59A1-49B5-A7C5-40C4547EDFEE): 0
LogDevObjectVersion:   Dev-Online (39C831C9-5AE6-47DC-9A44-9C173E1C8E7C): 0
LogDevObjectVersion:   Dev-Physics (78F01B33-EBEA-4F98-B9B4-84EACCB95AA2): 0
LogDevObjectVersion:   Dev-Platform (6631380F-2D4D-43E0-8009-CF276956A95A): 0
LogDevObjectVersion:   Dev-Rendering (12F88B9F-8875-4AFC-A67C-D90C383ABD29): 27
LogDevObjectVersion:   Dev-Sequencer (7B5AE74C-D270-4C10-A958-57980B212A5A): 9
LogDevObjectVersion:   Dev-VR (D7296918-1DD6-4BDD-9DE2-64A83CC13884): 2
LogDevObjectVersion:   Dev-LoadTimes (C2A15278-BFE7-4AFE-6C17-90FF531DF755): 1
LogDevObjectVersion:   Private-Geometry (6EACA3D4-40EC-4CC1-B786-8BED09428FC5): 3
LogDevObjectVersion:   Dev-AnimPhys (29E575DD-E0A3-4627-9D10-D276232CDCEA): 17
LogDevObjectVersion:   Dev-Anim (AF43A65D-7FD3-4947-9873-3E8ED9C1BB05): 2
LogDevObjectVersion:   Dev-ReflectionCapture (6B266CEC-1EC7-4B8F-A30B-E4D90942FC07): 1
LogDevObjectVersion:   Dev-Automation (0DF73D61-A23F-47EA-B727-89E90C41499A): 1
LogDevObjectVersion:   FortniteMain (601D1886-AC64-4F84-AA16-D3DE0DEAC7D6): 17
LogDevObjectVersion:   Dev-Enterprise (9DFFBCD6-494F-0158-E221-12823C92A888): 4
LogDevObjectVersion:   Dev-Niagara (F2AED0AC-9AFE-416F-8664-AA7FFA26D6FC): 1
LogStreaming: Display: Took  0.004s to delete old logs.
LogInit: Presizing for max 8388607 objects, including 0 objects not considered by GC, pre-allocating 0 bytes for permanent pool.
LogInit: Object subsystem initialized
LogConfig: Setting CVar [[con.DebugEarlyDefault:1]]
LogConfig: Setting CVar [[r.setres:1280x720]]
[2019.03.26-22.29.20:491][  0]LogConfig: Setting CVar [[r.VSync:0]]
[2019.03.26-22.29.20:491][  0]LogConfig: Setting CVar [[r.RHICmdBypass:0]]
[2019.03.26-22.29.20:491][  0]LogConfig: Applying CVar settings from Section [/Script/Engine.RendererSettings] File [C:/Users/SIG/Documents/Wenli/Burning/Saved/Config/Windows/Engine.ini]
[2019.03.26-22.29.20:491][  0]LogConfig: Setting CVar [[r.GPUCrashDebugging:0]]
[2019.03.26-22.29.20:491][  0]LogConfig: Applying CVar settings from Section [/Script/Engine.RendererOverrideSettings] File [C:/Users/SIG/Documents/Wenli/Burning/Saved/Config/Windows/Engine.ini]
[2019.03.26-22.29.20:491][  0]LogConfig: Applying CVar settings from Section [/Script/Engine.StreamingSettings] File [C:/Users/SIG/Documents/Wenli/Burning/Saved/Config/Windows/Engine.ini]
[2019.03.26-22.29.20:491][  0]LogConfig: Setting CVar [[s.MinBulkDataSizeForAsyncLoading:131072]]
[2019.03.26-22.29.20:491][  0]LogConfig: Setting CVar [[s.AsyncLoadingThreadEnabled:0]]
[2019.03.26-22.29.20:491][  0]LogConfig: Setting CVar [[s.EventDrivenLoaderEnabled:1]]
[2019.03.26-22.29.20:491][  0]LogConfig: Setting CVar [[s.WarnIfTimeLimitExceeded:0]]
[2019.03.26-22.29.20:491][  0]LogConfig: Setting CVar [[s.TimeLimitExceededMultiplier:1.5]]
[2019.03.26-22.29.20:492][  0]LogConfig: Setting CVar [[s.TimeLimitExceededMinTime:0.005]]
[2019.03.26-22.29.20:492][  0]LogConfig: Setting CVar [[s.UseBackgroundLevelStreaming:1]]
[2019.03.26-22.29.20:492][  0]LogConfig: Setting CVar [[s.PriorityAsyncLoadingExtraTime:15.0]]
[2019.03.26-22.29.20:492][  0]LogConfig: Setting CVar [[s.LevelStreamingActorsUpdateTimeLimit:5.0]]
[2019.03.26-22.29.20:492][  0]LogConfig: Setting CVar [[s.PriorityLevelStreamingActorsUpdateExtraTime:5.0]]
[2019.03.26-22.29.20:492][  0]LogConfig: Setting CVar [[s.LevelStreamingComponentsRegistrationGranularity:10]]
[2019.03.26-22.29.20:492][  0]LogConfig: Setting CVar [[s.UnregisterComponentsTimeLimit:1.0]]
[2019.03.26-22.29.20:492][  0]LogConfig: Setting CVar [[s.LevelStreamingComponentsUnregistrationGranularity:5]]
[2019.03.26-22.29.20:492][  0]LogConfig: Applying CVar settings from Section [/Script/Engine.GarbageCollectionSettings] File [C:/Users/SIG/Documents/Wenli/Burning/Saved/Config/Windows/Engine.ini]
[2019.03.26-22.29.20:492][  0]LogConfig: Setting CVar [[gc.MaxObjectsNotConsideredByGC:1]]
[2019.03.26-22.29.20:492][  0]LogConfig: Setting CVar [[gc.SizeOfPermanentObjectPool:0]]
[2019.03.26-22.29.20:492][  0]LogConfig: Setting CVar [[gc.FlushStreamingOnGC:0]]
[2019.03.26-22.29.20:492][  0]LogConfig: Setting CVar [[gc.NumRetriesBeforeForcingGC:10]]
[2019.03.26-22.29.20:492][  0]LogConfig: Setting CVar [[gc.AllowParallelGC:1]]
[2019.03.26-22.29.20:492][  0]LogConfig: Setting CVar [[gc.TimeBetweenPurgingPendingKillObjects:61.1]]
[2019.03.26-22.29.20:492][  0]LogConfig: Setting CVar [[gc.MaxObjectsInEditor:8388607]]
[2019.03.26-22.29.20:492][  0]LogConfig: Setting CVar [[gc.IncrementalBeginDestroyEnabled:1]]
[2019.03.26-22.29.20:492][  0]LogConfig: Setting CVar [[gc.CreateGCClusters:1]]
[2019.03.26-22.29.20:492][  0]LogConfig: Setting CVar [[gc.MergeGCClusters:0]]
[2019.03.26-22.29.20:492][  0]LogConfig: Setting CVar [[gc.MinGCClusterSize:5]]
[2019.03.26-22.29.20:492][  0]LogConfig: Setting CVar [[gc.ActorClusteringEnabled:0]]
[2019.03.26-22.29.20:492][  0]LogConfig: Setting CVar [[gc.BlueprintClusteringEnabled:0]]
[2019.03.26-22.29.20:492][  0]LogConfig: Setting CVar [[gc.UseDisregardForGCOnDedicatedServers:0]]
[2019.03.26-22.29.20:492][  0]LogConfig: Applying CVar settings from Section [/Script/Engine.NetworkSettings] File [C:/Users/SIG/Documents/Wenli/Burning/Saved/Config/Windows/Engine.ini]
[2019.03.26-22.29.20:492][  0]LogConfig: Applying CVar settings from Section [/Script/UnrealEd.CookerSettings] File [C:/Users/SIG/Documents/Wenli/Burning/Saved/Config/Windows/Engine.ini]
[2019.03.26-22.29.20:500][  0]LogConfig: Applying CVar settings from Section [ViewDistanceQuality@3] File [C:/Users/SIG/Documents/Wenli/Burning/Saved/Config/Windows/Scalability.ini]
[2019.03.26-22.29.20:500][  0]LogConfig: Setting CVar [[r.SkeletalMeshLODBias:0]]
[2019.03.26-22.29.20:500][  0]LogConfig: Setting CVar [[r.ViewDistanceScale:1.0]]
[2019.03.26-22.29.20:500][  0]LogConfig: Applying CVar settings from Section [AntiAliasingQuality@3] File [C:/Users/SIG/Documents/Wenli/Burning/Saved/Config/Windows/Scalability.ini]
[2019.03.26-22.29.20:500][  0]LogConfig: Setting CVar [[r.PostProcessAAQuality:4]]
[2019.03.26-22.29.20:500][  0]LogConfig: Applying CVar settings from Section [ShadowQuality@3] File [C:/Users/SIG/Documents/Wenli/Burning/Saved/Config/Windows/Scalability.ini]
[2019.03.26-22.29.20:500][  0]LogConfig: Setting CVar [[r.LightFunctionQuality:1]]
[2019.03.26-22.29.20:500][  0]LogConfig: Setting CVar [[r.ShadowQuality:5]]
[2019.03.26-22.29.20:500][  0]LogConfig: Setting CVar [[r.Shadow.CSM.MaxCascades:10]]
[2019.03.26-22.29.20:500][  0]LogConfig: Setting CVar [[r.Shadow.MaxResolution:2048]]
[2019.03.26-22.29.20:500][  0]LogConfig: Setting CVar [[r.Shadow.MaxCSMResolution:2048]]
[2019.03.26-22.29.20:500][  0]LogConfig: Setting CVar [[r.Shadow.RadiusThreshold:0.01]]
[2019.03.26-22.29.20:500][  0]LogConfig: Setting CVar [[r.Shadow.DistanceScale:1.0]]
[2019.03.26-22.29.20:500][  0]LogConfig: Setting CVar [[r.Shadow.CSM.TransitionScale:1.0]]
[2019.03.26-22.29.20:500][  0]LogConfig: Setting CVar [[r.Shadow.PreShadowResolutionFactor:1.0]]
[2019.03.26-22.29.20:500][  0]LogConfig: Setting CVar [[r.DistanceFieldShadowing:1]]
[2019.03.26-22.29.20:500][  0]LogConfig: Setting CVar [[r.DistanceFieldAO:1]]
[2019.03.26-22.29.20:500][  0]LogConfig: Setting CVar [[r.AOQuality:2]]
[2019.03.26-22.29.20:500][  0]LogConfig: Setting CVar [[r.VolumetricFog:1]]
[2019.03.26-22.29.20:500][  0]LogConfig: Setting CVar [[r.VolumetricFog.GridPixelSize:8]]
[2019.03.26-22.29.20:500][  0]LogConfig: Setting CVar [[r.VolumetricFog.GridSizeZ:128]]
[2019.03.26-22.29.20:500][  0]LogConfig: Setting CVar [[r.VolumetricFog.HistoryMissSupersampleCount:4]]
[2019.03.26-22.29.20:500][  0]LogConfig: Setting CVar [[r.LightMaxDrawDistanceScale:1]]
[2019.03.26-22.29.20:500][  0]LogConfig: Setting CVar [[r.CapsuleShadows:1]]
[2019.03.26-22.29.20:500][  0]LogConfig: Applying CVar settings from Section [PostProcessQuality@3] File [C:/Users/SIG/Documents/Wenli/Burning/Saved/Config/Windows/Scalability.ini]
[2019.03.26-22.29.20:501][  0]LogConfig: Setting CVar [[r.MotionBlurQuality:4]]
[2019.03.26-22.29.20:501][  0]LogConfig: Setting CVar [[r.AmbientOcclusionMipLevelFactor:0.4]]
[2019.03.26-22.29.20:501][  0]LogConfig: Setting CVar [[r.AmbientOcclusionMaxQuality:100]]
[2019.03.26-22.29.20:501][  0]LogConfig: Setting CVar [[r.AmbientOcclusionLevels:-1]]
[2019.03.26-22.29.20:501][  0]LogConfig: Setting CVar [[r.AmbientOcclusionRadiusScale:1.0]]
[2019.03.26-22.29.20:501][  0]LogConfig: Setting CVar [[r.DepthOfFieldQuality:2]]
[2019.03.26-22.29.20:501][  0]LogConfig: Setting CVar [[r.RenderTargetPoolMin:400]]
[2019.03.26-22.29.20:501][  0]LogConfig: Setting CVar [[r.LensFlareQuality:2]]
[2019.03.26-22.29.20:501][  0]LogConfig: Setting CVar [[r.SceneColorFringeQuality:1]]
[2019.03.26-22.29.20:501][  0]LogConfig: Setting CVar [[r.EyeAdaptationQuality:2]]
[2019.03.26-22.29.20:501][  0]LogConfig: Setting CVar [[r.BloomQuality:5]]
[2019.03.26-22.29.20:501][  0]LogConfig: Setting CVar [[r.FastBlurThreshold:100]]
[2019.03.26-22.29.20:501][  0]LogConfig: Setting CVar [[r.Upscale.Quality:3]]
[2019.03.26-22.29.20:501][  0]LogConfig: Setting CVar [[r.Tonemapper.GrainQuantization:1]]
[2019.03.26-22.29.20:501][  0]LogConfig: Setting CVar [[r.LightShaftQuality:1]]
[2019.03.26-22.29.20:501][  0]LogConfig: Setting CVar [[r.Filter.SizeScale:1]]
[2019.03.26-22.29.20:501][  0]LogConfig: Setting CVar [[r.Tonemapper.Quality:5]]
[2019.03.26-22.29.20:501][  0]LogConfig: Setting CVar [[r.DOF.Gather.AccumulatorQuality:1        ; higher gathering accumulator quality]]
[2019.03.26-22.29.20:501][  0]LogConfig: Setting CVar [[r.DOF.Gather.PostfilterMethod:1          ; Median3x3 postfilering method]]
[2019.03.26-22.29.20:501][  0]LogConfig: Setting CVar [[r.DOF.Gather.EnableBokehSettings:0       ; no bokeh simulation when gathering]]
[2019.03.26-22.29.20:501][  0]LogConfig: Setting CVar [[r.DOF.Gather.RingCount:4                 ; medium number of samples when gathering]]
[2019.03.26-22.29.20:501][  0]LogConfig: Setting CVar [[r.DOF.Scatter.ForegroundCompositing:1    ; additive foreground scattering]]
[2019.03.26-22.29.20:501][  0]LogConfig: Setting CVar [[r.DOF.Scatter.BackgroundCompositing:2    ; additive background scattering]]
[2019.03.26-22.29.20:501][  0]LogConfig: Setting CVar [[r.DOF.Scatter.EnableBokehSettings:1      ; bokeh simulation when scattering]]
[2019.03.26-22.29.20:501][  0]LogConfig: Setting CVar [[r.DOF.Scatter.MaxSpriteRatio:0.1         ; only a maximum of 10% of scattered bokeh]]
[2019.03.26-22.29.20:501][  0]LogConfig: Setting CVar [[r.DOF.Recombine.Quality:1                ; cheap slight out of focus]]
[2019.03.26-22.29.20:501][  0]LogConfig: Setting CVar [[r.DOF.Recombine.EnableBokehSettings:0    ; no bokeh simulation on slight out of focus]]
[2019.03.26-22.29.20:501][  0]LogConfig: Setting CVar [[r.DOF.TemporalAAQuality:1                ; more stable temporal accumulation]]
[2019.03.26-22.29.20:501][  0]LogConfig: Setting CVar [[r.DOF.Kernel.MaxForegroundRadius:0.025]]
[2019.03.26-22.29.20:501][  0]LogConfig: Setting CVar [[r.DOF.Kernel.MaxBackgroundRadius:0.025]]
[2019.03.26-22.29.20:501][  0]LogConfig: Applying CVar settings from Section [TextureQuality@3] File [C:/Users/SIG/Documents/Wenli/Burning/Saved/Config/Windows/Scalability.ini]
[2019.03.26-22.29.20:501][  0]LogConfig: Setting CVar [[r.Streaming.MipBias:0]]
[2019.03.26-22.29.20:501][  0]LogConfig: Setting CVar [[r.Streaming.AmortizeCPUToGPUCopy:0]]
[2019.03.26-22.29.20:501][  0]LogConfig: Setting CVar [[r.Streaming.MaxNumTexturesToStreamPerFrame:0]]
[2019.03.26-22.29.20:501][  0]LogConfig: Setting CVar [[r.Streaming.Boost:1]]
[2019.03.26-22.29.20:501][  0]LogConfig: Setting CVar [[r.MaxAnisotropy:8]]
[2019.03.26-22.29.20:501][  0]LogConfig: Setting CVar [[r.Streaming.LimitPoolSizeToVRAM:0]]
[2019.03.26-22.29.20:501][  0]LogConfig: Setting CVar [[r.Streaming.PoolSize:1000]]
[2019.03.26-22.29.20:501][  0]LogConfig: Setting CVar [[r.Streaming.MaxEffectiveScreenSize:0]]
[2019.03.26-22.29.20:501][  0]LogConfig: Applying CVar settings from Section [EffectsQuality@3] File [C:/Users/SIG/Documents/Wenli/Burning/Saved/Config/Windows/Scalability.ini]
[2019.03.26-22.29.20:501][  0]LogConfig: Setting CVar [[r.TranslucencyLightingVolumeDim:64]]
[2019.03.26-22.29.20:501][  0]LogConfig: Setting CVar [[r.RefractionQuality:2]]
[2019.03.26-22.29.20:501][  0]LogConfig: Setting CVar [[r.SSR.Quality:3]]
[2019.03.26-22.29.20:501][  0]LogConfig: Setting CVar [[r.SceneColorFormat:4]]
[2019.03.26-22.29.20:501][  0]LogConfig: Setting CVar [[r.DetailMode:2]]
[2019.03.26-22.29.20:501][  0]LogConfig: Setting CVar [[r.TranslucencyVolumeBlur:1]]
[2019.03.26-22.29.20:501][  0]LogConfig: Setting CVar [[r.MaterialQualityLevel:1 ; High quality]]
[2019.03.26-22.29.20:501][  0]LogConfig: Setting CVar [[r.SSS.Scale:1]]
[2019.03.26-22.29.20:501][  0]LogConfig: Setting CVar [[r.SSS.SampleSet:2]]
[2019.03.26-22.29.20:501][  0]LogConfig: Setting CVar [[r.SSS.Quality:1]]
[2019.03.26-22.29.20:501][  0]LogConfig: Setting CVar [[r.SSS.HalfRes:1]]
[2019.03.26-22.29.20:501][  0]LogConfig: Setting CVar [[r.EmitterSpawnRateScale:1.0]]
[2019.03.26-22.29.20:501][  0]LogConfig: Setting CVar [[r.ParticleLightQuality:2]]
[2019.03.26-22.29.20:501][  0]LogConfig: Applying CVar settings from Section [FoliageQuality@3] File [C:/Users/SIG/Documents/Wenli/Burning/Saved/Config/Windows/Scalability.ini]
[2019.03.26-22.29.20:501][  0]LogConfig: Setting CVar [[foliage.DensityScale:1.0]]
[2019.03.26-22.29.20:501][  0]LogConfig: Setting CVar [[grass.DensityScale:1.0]]
[2019.03.26-22.29.20:501][  0]LogInit: Selected Device Profile: [Windows]
[2019.03.26-22.29.20:501][  0]LogInit: Applying CVar settings loaded from the selected device profile: [Windows]
[2019.03.26-22.29.20:512][  0]LogHAL: Display: Platform has ~ 32 GB [34278375424 / 34359738368 / 32], which maps to Largest [LargestMinGB=32, LargerMinGB=12, DefaultMinGB=8, SmallerMinGB=6, SmallestMinGB=0)
[2019.03.26-22.29.20:512][  0]LogConfig: Setting CVar [[r.Vulkan.UseRealUBs:1]]
[2019.03.26-22.29.20:512][  0]LogInit: Going up to parent DeviceProfile []
[2019.03.26-22.29.20:513][  0]LogConfig: Applying CVar settings from Section [ViewDistanceQuality@3] File [C:/Users/SIG/Documents/Wenli/Burning/Saved/Config/Windows/Scalability.ini]
[2019.03.26-22.29.20:513][  0]LogConfig: Setting CVar [[r.SkeletalMeshLODBias:0]]
[2019.03.26-22.29.20:513][  0]LogConfig: Setting CVar [[r.ViewDistanceScale:1.0]]
[2019.03.26-22.29.20:513][  0]LogConfig: Applying CVar settings from Section [AntiAliasingQuality@3] File [C:/Users/SIG/Documents/Wenli/Burning/Saved/Config/Windows/Scalability.ini]
[2019.03.26-22.29.20:513][  0]LogConfig: Setting CVar [[r.PostProcessAAQuality:4]]
[2019.03.26-22.29.20:513][  0]LogConfig: Applying CVar settings from Section [ShadowQuality@3] File [C:/Users/SIG/Documents/Wenli/Burning/Saved/Config/Windows/Scalability.ini]
[2019.03.26-22.29.20:513][  0]LogConfig: Setting CVar [[r.LightFunctionQuality:1]]
[2019.03.26-22.29.20:513][  0]LogConfig: Setting CVar [[r.ShadowQuality:5]]
[2019.03.26-22.29.20:513][  0]LogConfig: Setting CVar [[r.Shadow.CSM.MaxCascades:10]]
[2019.03.26-22.29.20:513][  0]LogConfig: Setting CVar [[r.Shadow.MaxResolution:2048]]
[2019.03.26-22.29.20:513][  0]LogConfig: Setting CVar [[r.Shadow.MaxCSMResolution:2048]]
[2019.03.26-22.29.20:513][  0]LogConfig: Setting CVar [[r.Shadow.RadiusThreshold:0.01]]
[2019.03.26-22.29.20:513][  0]LogConfig: Setting CVar [[r.Shadow.DistanceScale:1.0]]
[2019.03.26-22.29.20:513][  0]LogConfig: Setting CVar [[r.Shadow.CSM.TransitionScale:1.0]]
[2019.03.26-22.29.20:513][  0]LogConfig: Setting CVar [[r.Shadow.PreShadowResolutionFactor:1.0]]
[2019.03.26-22.29.20:513][  0]LogConfig: Setting CVar [[r.DistanceFieldShadowing:1]]
[2019.03.26-22.29.20:513][  0]LogConfig: Setting CVar [[r.DistanceFieldAO:1]]
[2019.03.26-22.29.20:513][  0]LogConfig: Setting CVar [[r.AOQuality:2]]
[2019.03.26-22.29.20:513][  0]LogConfig: Setting CVar [[r.VolumetricFog:1]]
[2019.03.26-22.29.20:513][  0]LogConfig: Setting CVar [[r.VolumetricFog.GridPixelSize:8]]
[2019.03.26-22.29.20:513][  0]LogConfig: Setting CVar [[r.VolumetricFog.GridSizeZ:128]]
[2019.03.26-22.29.20:513][  0]LogConfig: Setting CVar [[r.VolumetricFog.HistoryMissSupersampleCount:4]]
[2019.03.26-22.29.20:513][  0]LogConfig: Setting CVar [[r.LightMaxDrawDistanceScale:1]]
[2019.03.26-22.29.20:513][  0]LogConfig: Setting CVar [[r.CapsuleShadows:1]]
[2019.03.26-22.29.20:513][  0]LogConfig: Applying CVar settings from Section [PostProcessQuality@3] File [C:/Users/SIG/Documents/Wenli/Burning/Saved/Config/Windows/Scalability.ini]
[2019.03.26-22.29.20:513][  0]LogConfig: Setting CVar [[r.MotionBlurQuality:4]]
[2019.03.26-22.29.20:513][  0]LogConfig: Setting CVar [[r.AmbientOcclusionMipLevelFactor:0.4]]
[2019.03.26-22.29.20:513][  0]LogConfig: Setting CVar [[r.AmbientOcclusionMaxQuality:100]]
[2019.03.26-22.29.20:513][  0]LogConfig: Setting CVar [[r.AmbientOcclusionLevels:-1]]
[2019.03.26-22.29.20:513][  0]LogConfig: Setting CVar [[r.AmbientOcclusionRadiusScale:1.0]]
[2019.03.26-22.29.20:513][  0]LogConfig: Setting CVar [[r.DepthOfFieldQuality:2]]
[2019.03.26-22.29.20:513][  0]LogConfig: Setting CVar [[r.RenderTargetPoolMin:400]]
[2019.03.26-22.29.20:513][  0]LogConfig: Setting CVar [[r.LensFlareQuality:2]]
[2019.03.26-22.29.20:513][  0]LogConfig: Setting CVar [[r.SceneColorFringeQuality:1]]
[2019.03.26-22.29.20:513][  0]LogConfig: Setting CVar [[r.EyeAdaptationQuality:2]]
[2019.03.26-22.29.20:513][  0]LogConfig: Setting CVar [[r.BloomQuality:5]]
[2019.03.26-22.29.20:513][  0]LogConfig: Setting CVar [[r.FastBlurThreshold:100]]
[2019.03.26-22.29.20:513][  0]LogConfig: Setting CVar [[r.Upscale.Quality:3]]
[2019.03.26-22.29.20:513][  0]LogConfig: Setting CVar [[r.Tonemapper.GrainQuantization:1]]
[2019.03.26-22.29.20:513][  0]LogConfig: Setting CVar [[r.LightShaftQuality:1]]
[2019.03.26-22.29.20:513][  0]LogConfig: Setting CVar [[r.Filter.SizeScale:1]]
[2019.03.26-22.29.20:513][  0]LogConfig: Setting CVar [[r.Tonemapper.Quality:5]]
[2019.03.26-22.29.20:513][  0]LogConfig: Setting CVar [[r.DOF.Gather.AccumulatorQuality:1        ; higher gathering accumulator quality]]
[2019.03.26-22.29.20:513][  0]LogConfig: Setting CVar [[r.DOF.Gather.PostfilterMethod:1          ; Median3x3 postfilering method]]
[2019.03.26-22.29.20:513][  0]LogConfig: Setting CVar [[r.DOF.Gather.EnableBokehSettings:0       ; no bokeh simulation when gathering]]
[2019.03.26-22.29.20:513][  0]LogConfig: Setting CVar [[r.DOF.Gather.RingCount:4                 ; medium number of samples when gathering]]
[2019.03.26-22.29.20:513][  0]LogConfig: Setting CVar [[r.DOF.Scatter.ForegroundCompositing:1    ; additive foreground scattering]]
[2019.03.26-22.29.20:513][  0]LogConfig: Setting CVar [[r.DOF.Scatter.BackgroundCompositing:2    ; additive background scattering]]
[2019.03.26-22.29.20:513][  0]LogConfig: Setting CVar [[r.DOF.Scatter.EnableBokehSettings:1      ; bokeh simulation when scattering]]
[2019.03.26-22.29.20:513][  0]LogConfig: Setting CVar [[r.DOF.Scatter.MaxSpriteRatio:0.1         ; only a maximum of 10% of scattered bokeh]]
[2019.03.26-22.29.20:513][  0]LogConfig: Setting CVar [[r.DOF.Recombine.Quality:1                ; cheap slight out of focus]]
[2019.03.26-22.29.20:513][  0]LogConfig: Setting CVar [[r.DOF.Recombine.EnableBokehSettings:0    ; no bokeh simulation on slight out of focus]]
[2019.03.26-22.29.20:513][  0]LogConfig: Setting CVar [[r.DOF.TemporalAAQuality:1                ; more stable temporal accumulation]]
[2019.03.26-22.29.20:513][  0]LogConfig: Setting CVar [[r.DOF.Kernel.MaxForegroundRadius:0.025]]
[2019.03.26-22.29.20:513][  0]LogConfig: Setting CVar [[r.DOF.Kernel.MaxBackgroundRadius:0.025]]
[2019.03.26-22.29.20:513][  0]LogConfig: Applying CVar settings from Section [TextureQuality@3] File [C:/Users/SIG/Documents/Wenli/Burning/Saved/Config/Windows/Scalability.ini]
[2019.03.26-22.29.20:513][  0]LogConfig: Setting CVar [[r.Streaming.MipBias:0]]
[2019.03.26-22.29.20:513][  0]LogConfig: Setting CVar [[r.Streaming.AmortizeCPUToGPUCopy:0]]
[2019.03.26-22.29.20:513][  0]LogConfig: Setting CVar [[r.Streaming.MaxNumTexturesToStreamPerFrame:0]]
[2019.03.26-22.29.20:513][  0]LogConfig: Setting CVar [[r.Streaming.Boost:1]]
[2019.03.26-22.29.20:513][  0]LogConfig: Setting CVar [[r.MaxAnisotropy:8]]
[2019.03.26-22.29.20:513][  0]LogConfig: Setting CVar [[r.Streaming.LimitPoolSizeToVRAM:0]]
[2019.03.26-22.29.20:513][  0]LogConfig: Setting CVar [[r.Streaming.PoolSize:1000]]
[2019.03.26-22.29.20:513][  0]LogConfig: Setting CVar [[r.Streaming.MaxEffectiveScreenSize:0]]
[2019.03.26-22.29.20:513][  0]LogConfig: Applying CVar settings from Section [EffectsQuality@3] File [C:/Users/SIG/Documents/Wenli/Burning/Saved/Config/Windows/Scalability.ini]
[2019.03.26-22.29.20:513][  0]LogConfig: Setting CVar [[r.TranslucencyLightingVolumeDim:64]]
[2019.03.26-22.29.20:513][  0]LogConfig: Setting CVar [[r.RefractionQuality:2]]
[2019.03.26-22.29.20:513][  0]LogConfig: Setting CVar [[r.SSR.Quality:3]]
[2019.03.26-22.29.20:513][  0]LogConfig: Setting CVar [[r.SceneColorFormat:4]]
[2019.03.26-22.29.20:513][  0]LogConfig: Setting CVar [[r.DetailMode:2]]
[2019.03.26-22.29.20:513][  0]LogConfig: Setting CVar [[r.TranslucencyVolumeBlur:1]]
[2019.03.26-22.29.20:513][  0]LogConfig: Setting CVar [[r.MaterialQualityLevel:1 ; High quality]]
[2019.03.26-22.29.20:513][  0]LogConfig: Setting CVar [[r.SSS.Scale:1]]
[2019.03.26-22.29.20:513][  0]LogConfig: Setting CVar [[r.SSS.SampleSet:2]]
[2019.03.26-22.29.20:514][  0]LogConfig: Setting CVar [[r.SSS.Quality:1]]
[2019.03.26-22.29.20:514][  0]LogConfig: Setting CVar [[r.SSS.HalfRes:1]]
[2019.03.26-22.29.20:514][  0]LogConfig: Setting CVar [[r.EmitterSpawnRateScale:1.0]]
[2019.03.26-22.29.20:514][  0]LogConfig: Setting CVar [[r.ParticleLightQuality:2]]
[2019.03.26-22.29.20:514][  0]LogConfig: Applying CVar settings from Section [FoliageQuality@3] File [C:/Users/SIG/Documents/Wenli/Burning/Saved/Config/Windows/Scalability.ini]
[2019.03.26-22.29.20:514][  0]LogConfig: Setting CVar [[foliage.DensityScale:1.0]]
[2019.03.26-22.29.20:514][  0]LogConfig: Setting CVar [[grass.DensityScale:1.0]]
[2019.03.26-22.29.20:514][  0]LogConfig: Applying CVar settings from Section [Startup] File [../../../Engine/Config/ConsoleVariables.ini]
[2019.03.26-22.29.20:514][  0]LogConfig: Setting CVar [[net.UseAdaptiveNetUpdateFrequency:0]]
[2019.03.26-22.29.20:514][  0]LogConfig: Applying CVar settings from Section [ConsoleVariables] File [C:/Users/SIG/Documents/Wenli/Burning/Saved/Config/Windows/Engine.ini]
[2019.03.26-22.29.20:514][  0]LogInit: Computer: SIGLAB-VR6
[2019.03.26-22.29.20:514][  0]LogInit: User: SIG
[2019.03.26-22.29.20:514][  0]LogInit: CPU Page size=4096, Cores=4
[2019.03.26-22.29.20:514][  0]LogInit: High frequency timer resolution =10.000000 MHz
[2019.03.26-22.29.20:514][  0]LogMemory: Memory total: Physical=31.9GB (32GB approx)
[2019.03.26-22.29.20:514][  0]LogMemory: Platform Memory Stats for Windows
[2019.03.26-22.29.20:514][  0]LogMemory: Process Physical Memory: 106.16 MB used, 106.16 MB peak
[2019.03.26-22.29.20:514][  0]LogMemory: Process Virtual Memory: 97.14 MB used, 97.14 MB peak
[2019.03.26-22.29.20:514][  0]LogMemory: Physical Memory: 8169.18 MB used,  24521.22 MB free, 32690.41 MB total
[2019.03.26-22.29.20:514][  0]LogMemory: Virtual Memory: 4671.13 MB used,  134213056.00 MB free, 134217728.00 MB total
[2019.03.26-22.29.20:543][  0]LogInit: Using OS detected language (en-US).
[2019.03.26-22.29.20:543][  0]LogInit: Using OS detected locale (en-US).
[2019.03.26-22.29.20:544][  0]LogTextLocalizationManager: No specific localization for 'en-US' exists, so the 'en' localization will be used.
[2019.03.26-22.29.20:917][  0]LogStreaming: Display: Took  0.375s to InitEngineTextLocalization.
[2019.03.26-22.29.20:918][  0]LogInit: Setting process to per monitor DPI aware
[2019.03.26-22.29.20:962][  0]LogSlate: New Slate User Created.  User Index 0, Is Virtual User: 0
[2019.03.26-22.29.20:962][  0]LogSlate: Slate User Registered.  User Index 0, Is Virtual User: 0
[2019.03.26-22.29.21:181][  0]LogHMD: Failed to initialize OpenVR with code 126
[2019.03.26-22.29.21:181][  0]LogD3D11RHI: D3D11 adapters:
[2019.03.26-22.29.21:224][  0]LogD3D11RHI:    0. 'NVIDIA GeForce GTX 1070' (Feature Level 11_0)
[2019.03.26-22.29.21:224][  0]LogD3D11RHI:       8145/0/16345 MB DedicatedVideo/DedicatedSystem/SharedSystem, Outputs:2, VendorId:0x10de
[2019.03.26-22.29.21:227][  0]LogD3D11RHI:    1. 'Microsoft Basic Render Driver' (Feature Level 11_0)
[2019.03.26-22.29.21:227][  0]LogD3D11RHI:       0/0/16345 MB DedicatedVideo/DedicatedSystem/SharedSystem, Outputs:0, VendorId:0x1414
[2019.03.26-22.29.21:227][  0]LogD3D11RHI: Chosen D3D11 Adapter: 0
[2019.03.26-22.29.21:239][  0]LogD3D11RHI: Creating new Direct3DDevice
[2019.03.26-22.29.21:239][  0]LogD3D11RHI:     GPU DeviceId: 0x1b81 (for the marketing name, search the web for "GPU Device Id")
[2019.03.26-22.29.21:239][  0]LogWindows: EnumDisplayDevices:
[2019.03.26-22.29.21:239][  0]LogWindows:    0. 'NVIDIA GeForce GTX 1070' (P:1 D:1)
[2019.03.26-22.29.21:240][  0]LogWindows:    1. 'NVIDIA GeForce GTX 1070' (P:0 D:1)
[2019.03.26-22.29.21:240][  0]LogWindows:    2. 'NVIDIA GeForce GTX 1070' (P:0 D:0)
[2019.03.26-22.29.21:240][  0]LogWindows:    3. 'NVIDIA GeForce GTX 1070' (P:0 D:0)
[2019.03.26-22.29.21:241][  0]LogWindows: DebugString: FoundDriverCount:4 
[2019.03.26-22.29.21:241][  0]LogD3D11RHI:     Adapter Name: NVIDIA GeForce GTX 1070
[2019.03.26-22.29.21:241][  0]LogD3D11RHI:   Driver Version: 376.51 (internal:21.21.13.7651, unified:376.51)
[2019.03.26-22.29.21:241][  0]LogD3D11RHI:      Driver Date: 12-25-2016
[2019.03.26-22.29.21:241][  0]LogRHI: Texture pool is 5702 MB (70% of 8145 MB)
[2019.03.26-22.29.21:265][  0]LogD3D11RHI: Async texture creation enabled
[2019.03.26-22.29.21:277][  0]LogD3D11RHI: GPU Timing Frequency: 1000.000000 (Debug: 2 1)
[2019.03.26-22.29.21:682][  0]LogTemp: Display: Loaded TP AllDesktopTargetPlatform
[2019.03.26-22.29.21:695][  0]LogTemp: Display: Loaded TP MacClientTargetPlatform
[2019.03.26-22.29.21:708][  0]LogTemp: Display: Loaded TP MacNoEditorTargetPlatform
[2019.03.26-22.29.21:721][  0]LogTemp: Display: Loaded TP MacServerTargetPlatform
[2019.03.26-22.29.21:734][  0]LogTemp: Display: Loaded TP MacTargetPlatform
[2019.03.26-22.29.21:748][  0]LogTemp: Display: Loaded TP WindowsClientTargetPlatform
[2019.03.26-22.29.21:761][  0]LogTemp: Display: Loaded TP WindowsNoEditorTargetPlatform
[2019.03.26-22.29.21:774][  0]LogTemp: Display: Loaded TP WindowsServerTargetPlatform
[2019.03.26-22.29.21:781][  0]LogTemp: Display: Loaded TP WindowsTargetPlatform
[2019.03.26-22.29.21:851][  0]LogTemp: Display: Loaded TP AndroidTargetPlatform
[2019.03.26-22.29.21:851][  0]LogTemp: Display: Loaded TP AndroidTargetPlatform
[2019.03.26-22.29.21:851][  0]LogTemp: Display: Loaded TP AndroidTargetPlatform
[2019.03.26-22.29.21:851][  0]LogTemp: Display: Loaded TP AndroidTargetPlatform
[2019.03.26-22.29.21:851][  0]LogTemp: Display: Loaded TP AndroidTargetPlatform
[2019.03.26-22.29.21:851][  0]LogTemp: Display: Loaded TP AndroidTargetPlatform
[2019.03.26-22.29.21:851][  0]LogTemp: Display: Loaded TP AndroidTargetPlatform
[2019.03.26-22.29.21:851][  0]LogTemp: Display: Loaded TP AndroidTargetPlatform
[2019.03.26-22.29.21:851][  0]LogTemp: Display: Loaded TP AndroidTargetPlatform
[2019.03.26-22.29.21:851][  0]LogTemp: Display: Loaded TP AndroidTargetPlatform
[2019.03.26-22.29.21:851][  0]LogTemp: Display: Loaded TP AndroidTargetPlatform
[2019.03.26-22.29.21:851][  0]LogTemp: Display: Loaded TP AndroidTargetPlatform
[2019.03.26-22.29.21:851][  0]LogTemp: Display: Loaded TP AndroidTargetPlatform
[2019.03.26-22.29.21:851][  0]LogTemp: Display: Loaded TP AndroidTargetPlatform
[2019.03.26-22.29.21:851][  0]LogTemp: Display: Loaded TP AndroidTargetPlatform
[2019.03.26-22.29.21:851][  0]LogTemp: Display: Loaded TP AndroidTargetPlatform
[2019.03.26-22.29.21:851][  0]LogTemp: Display: Loaded TP AndroidTargetPlatform
[2019.03.26-22.29.21:851][  0]LogTemp: Display: Loaded TP AndroidTargetPlatform
[2019.03.26-22.29.21:853][  0]LogTemp: Display: Loaded TP HTML5TargetPlatform
[2019.03.26-22.29.21:914][  0]LogTemp: Display: Loaded TP IOSTargetPlatform
[2019.03.26-22.29.21:914][  0]LogTemp: Display: Loaded TP IOSTargetPlatform
[2019.03.26-22.29.21:937][  0]LogTemp: Display: Loaded TP TVOSTargetPlatform
[2019.03.26-22.29.21:937][  0]LogTemp: Display: Loaded TP TVOSTargetPlatform
[2019.03.26-22.29.21:949][  0]LogTemp: Display: Loaded TP LinuxClientTargetPlatform
[2019.03.26-22.29.21:961][  0]LogTemp: Display: Loaded TP LinuxNoEditorTargetPlatform
[2019.03.26-22.29.21:973][  0]LogTemp: Display: Loaded TP LinuxServerTargetPlatform
[2019.03.26-22.29.21:986][  0]LogTemp: Display: Loaded TP LinuxTargetPlatform
[2019.03.26-22.29.22:029][  0]LogTemp: Display: Loaded TP LuminTargetPlatform
[2019.03.26-22.29.22:029][  0]LogTemp: Display: Loaded TP LuminTargetPlatform
[2019.03.26-22.29.22:029][  0]LogTargetPlatformManager: Display: Building Assets For Windows
[2019.03.26-22.29.22:098][  0]LogShaderCompilers: Guid format shader working directory is 8 characters bigger than the processId version (C:/Users/SIG/Documents/Wenli/Burning/Intermediate/Shaders/WorkingDirectory/5816/).
[2019.03.26-22.29.22:098][  0]LogShaderCompilers: Cleaned the shader compiler working directory 'C:/Users/SIG/AppData/Local/Temp/UnrealShaderWorkingDir/51063F784A45270B3DA426BEE119EA9F/'.
[2019.03.26-22.29.22:100][  0]LogXGEController: Cleaning working directory: C:/Users/SIG/AppData/Local/Temp/UnrealXGEWorkingDir/
[2019.03.26-22.29.22:101][  0]LogXGEController: Cannot use XGE Controller as Incredibuild is not installed on this machine.
[2019.03.26-22.29.22:101][  0]LogShaderCompilers: Cannot use XGE Shader Compiler as Incredibuild is not installed on this machine.
[2019.03.26-22.29.22:101][  0]LogShaderCompilers: Display: Using Local Shader Compiler.
[2019.03.26-22.29.22:631][  0]LogDerivedDataCache: Display: Max Cache Size: 512 MB
[2019.03.26-22.29.22:716][  0]LogDerivedDataCache: Loaded boot cache 0.08s 71MB C:/Users/SIG/AppData/Local/UnrealEngine/4.21/DerivedDataCache/Boot.ddc.
[2019.03.26-22.29.22:716][  0]LogDerivedDataCache: Display: Loaded Boot cache: C:/Users/SIG/AppData/Local/UnrealEngine/4.21/DerivedDataCache/Boot.ddc
[2019.03.26-22.29.22:716][  0]LogDerivedDataCache: FDerivedDataBackendGraph:  Pak pak cache file C:/Users/SIG/Documents/Wenli/Burning/DerivedDataCache/DDC.ddp not found, will not use a pak cache.
[2019.03.26-22.29.22:716][  0]LogDerivedDataCache: Unable to find inner node Pak for hierarchical cache Hierarchy.
[2019.03.26-22.29.22:716][  0]LogDerivedDataCache: FDerivedDataBackendGraph:  CompressedPak pak cache file C:/Users/SIG/Documents/Wenli/Burning/DerivedDataCache/Compressed.ddp not found, will not use a pak cache.
[2019.03.26-22.29.22:716][  0]LogDerivedDataCache: Unable to find inner node CompressedPak for hierarchical cache Hierarchy.
[2019.03.26-22.29.22:732][  0]LogDerivedDataCache: Display: Pak cache opened for reading ../../../Engine/DerivedDataCache/Compressed.ddp.
[2019.03.26-22.29.22:732][  0]LogDerivedDataCache: FDerivedDataBackendGraph:  EnterprisePak pak cache file ../../../Enterprise/DerivedDataCache/Compressed.ddp not found, will not use a pak cache.
[2019.03.26-22.29.22:732][  0]LogDerivedDataCache: Unable to find inner node EnterprisePak for hierarchical cache Hierarchy.
[2019.03.26-22.29.22:744][  0]LogDerivedDataCache: Using Local data cache path C:/Users/SIG/AppData/Local/UnrealEngine/Common/DerivedDataCache: Writable
[2019.03.26-22.29.22:744][  0]LogDerivedDataCache: Shared data cache path not found in *engine.ini, will not use an Shared cache.
[2019.03.26-22.29.22:744][  0]LogDerivedDataCache: Unable to find inner node Shared for hierarchical cache Hierarchy.
[2019.03.26-22.29.22:767][  0]LogMaterial: Verifying Global Shaders for PCD3D_SM5
[2019.03.26-22.29.22:769][  0]LogSlate: Using FreeType 2.6.0
[2019.03.26-22.29.22:769][  0]LogSlate: SlateFontServices - WITH_FREETYPE: 1, WITH_HARFBUZZ: 1
[2019.03.26-22.29.22:857][  0]LogAssetRegistry: FAssetRegistry took 0.0327 seconds to start up
[2019.03.26-22.29.23:190][  0]LogInit: Selected Device Profile: [Windows]
[2019.03.26-22.29.23:261][  0]LogSimplygon: Simplygon DLL not present - disabling.
[2019.03.26-22.29.23:266][  0]LogMeshReduction: Using SimplygonSwarm for distributed automatic mesh merging
[2019.03.26-22.29.23:266][  0]LogMeshReduction: Using ProxyLODMeshReduction for automatic mesh merging
[2019.03.26-22.29.23:266][  0]LogMeshReduction: Using QuadricMeshReduction for automatic static mesh reduction
[2019.03.26-22.29.23:266][  0]LogMeshReduction: No automatic skeletal mesh reduction module available
[2019.03.26-22.29.23:356][  0]LogNetVersion: Burning 1.0.0, NetCL: 4541578, EngineNetVer: 5, GameNetVer: 0 (Checksum: 3143928984)
[2019.03.26-22.29.23:863][  0]LogPackageLocalizationCache: Processed 11 localized package path(s) for 2 prioritized culture(s) in 0.100622 seconds
[2019.03.26-22.29.23:869][  0]LogUObjectArray: 39775 objects as part of root set at end of initial load.
[2019.03.26-22.29.23:869][  0]LogUObjectAllocator: 6914664 out of 0 bytes used by permanent object pool.
[2019.03.26-22.29.23:869][  0]LogUObjectArray: CloseDisregardForGC: 0/0 objects in disregard for GC pool
[2019.03.26-22.29.24:744][  0]LogTcpMessaging: Initializing TcpMessaging bridge
[2019.03.26-22.29.24:758][  0]LogUdpMessaging: Initializing bridge on interface 0.0.0.0:0 to multicast group 230.0.0.1:6666.
[2019.03.26-22.29.25:450][  0]SourceControl: Source control is disabled
[2019.03.26-22.29.25:450][  0]SourceControl: Source control is disabled
[2019.03.26-22.29.25:452][  0]SourceControl: Source control is disabled
[2019.03.26-22.29.25:453][  0]SourceControl: Source control is disabled
[2019.03.26-22.29.25:618][  0]LogAndroidPermission: UAndroidPermissionCallbackProxy::GetInstance
[2019.03.26-22.29.25:742][  0]LogOcInput: OculusInput pre-init called
[2019.03.26-22.29.25:877][  0]LogEngine: Initializing Engine...
[2019.03.26-22.29.25:907][  0]LogHMD: Failed to initialize OpenVR with code 126
[2019.03.26-22.29.25:908][  0]LogStats: UGameplayTagsManager::ConstructGameplayTagTree: ImportINI prefixes -  0.000 s
[2019.03.26-22.29.25:908][  0]LogStats: UGameplayTagsManager::ConstructGameplayTagTree: Construct from data asset -  0.000 s
[2019.03.26-22.29.25:908][  0]LogStats: UGameplayTagsManager::ConstructGameplayTagTree: ImportINI -  0.000 s
[2019.03.26-22.29.25:908][  0]LogStats: UGameplayTagsManager::ConstructGameplayTagTree: GameplayTagTreeChangedEvent.Broadcast -  0.000 s
[2019.03.26-22.29.26:145][  0]LogInit: Initializing FReadOnlyCVARCache
[2019.03.26-22.29.26:162][  0]LogAIModule: Creating AISystem for world Untitled
[2019.03.26-22.29.26:214][  0]LogInit: XAudio2 using 'DELL U2417H-C (NVIDIA High Definition Audio)' : 2 channels at 48 kHz using 16 bits per sample (channel mask 0x3)
[2019.03.26-22.29.26:259][  0]LogInit: FAudioDevice initialized.
[2019.03.26-22.29.26:260][  0]LogNetVersion: Set ProjectVersion to 1.0.0.0. Version Checksum will be recalculated on next use.
[2019.03.26-22.29.26:408][  0]LogDerivedDataCache: Saved boot cache 0.15s 71MB C:/Users/SIG/AppData/Local/UnrealEngine/4.21/DerivedDataCache/Boot.ddc.
[2019.03.26-22.29.26:453][  0]LogInit: Texture streaming: Enabled
[2019.03.26-22.29.26:474][  0]LogEngineSessionManager: EngineSessionManager initialized
[2019.03.26-22.29.26:494][  0]LogInit: Transaction tracking system initialized
[2019.03.26-22.29.26:523][  0]BlueprintLog: New page: Editor Load
[2019.03.26-22.29.26:614][  0]LocalizationService: Localization service is disabled
[2019.03.26-22.29.27:038][  0]LogCook: Display: Max memory allowance for cook 16384mb min free memory 0mb
[2019.03.26-22.29.27:038][  0]LogCook: Display: Mobile HDR setting 1
[2019.03.26-22.29.27:038][  0]LogGameplayTags: Display: UGameplayTagsManager::DoneAddingNativeTags. DelegateIsBound: 0
[2019.03.26-22.29.27:038][  0]LogStats: UGameplayTagsManager::ConstructGameplayTagTree: ImportINI prefixes -  0.000 s
[2019.03.26-22.29.27:038][  0]LogStats: UGameplayTagsManager::ConstructGameplayTagTree: Construct from data asset -  0.000 s
[2019.03.26-22.29.27:039][  0]LogStats: UGameplayTagsManager::ConstructGameplayTagTree: ImportINI -  0.000 s
[2019.03.26-22.29.27:039][  0]LogStats: UGameplayTagsManager::ConstructGameplayTagTree: GameplayTagTreeChangedEvent.Broadcast -  0.000 s
[2019.03.26-22.29.27:168][  0]LogFileCache: Scanning file cache for directory 'C:/Users/SIG/Documents/Wenli/Burning/Content/' took 0.03s
[2019.03.26-22.29.27:168][  0]SourceControl: Source control is disabled
[2019.03.26-22.29.27:168][  0]Cmd: MAP LOAD FILE="C:/Users/SIG/Documents/Wenli/Burning/Content/Level1/SampleLevel.umap" TEMPLATE=0 SHOWPROGRESS=1 FEATURELEVEL=3
[2019.03.26-22.29.27:168][  0]LightingResults: New page: Lighting Build
[2019.03.26-22.29.27:171][  0]MapCheck: New page: Map Check
[2019.03.26-22.29.27:172][  0]LightingResults: New page: Lighting Build
[2019.03.26-22.29.27:891][  0]LogAIModule: Creating AISystem for world SampleLevel
[2019.03.26-22.29.27:910][  0]LogEditorServer: Finished looking for orphan Actors (0.000 secs)
[2019.03.26-22.29.27:936][  0]Cmd: MAP CHECKDEP NOCLEARLOG
[2019.03.26-22.29.27:936][  0]MapCheck: Map check complete: 0 Error(s), 0 Warning(s), took 0.194ms to complete.
[2019.03.26-22.29.27:936][  0]LogFileHelpers: Loading map 'SampleLevel' took 0.768
[2019.03.26-22.29.28:046][  0]LogSlate: Updating window title bar state: overlay mode, drag disabled, window buttons hidden, title bar hidden
[2019.03.26-22.29.28:053][  0]LogSlate: Updating window title bar state: overlay mode, drag disabled, window buttons hidden, title bar hidden
[2019.03.26-22.29.28:061][  0]LogSlate: Updating window title bar state: overlay mode, drag disabled, window buttons hidden, title bar hidden
[2019.03.26-22.29.28:068][  0]LogSlate: Updating window title bar state: overlay mode, drag disabled, window buttons hidden, title bar hidden
[2019.03.26-22.29.28:076][  0]LogCollectionManager: Loaded 0 collections in 0.002497 seconds
[2019.03.26-22.29.28:093][  0]LogFileCache: Scanning file cache for directory 'C:/Users/SIG/Documents/Wenli/Burning/Saved/Collections/' took 0.01s
[2019.03.26-22.29.28:093][  0]LogFileCache: Scanning file cache for directory 'C:/Users/SIG/Documents/Wenli/Burning/Content/Developers/SIG/Collections/' took 0.00s
[2019.03.26-22.29.28:093][  0]LogFileCache: Scanning file cache for directory 'C:/Users/SIG/Documents/Wenli/Burning/Content/Collections/' took 0.00s
[2019.03.26-22.29.28:093][  0]LogCollectionManager: Rebuilt the GUID cache for 0 collections in 0.000000 seconds
[2019.03.26-22.29.28:102][  0]LogContentBrowser: Native class hierarchy populated in 0.0086 seconds. Added 2651 classes and 620 folders.
[2019.03.26-22.29.28:110][  0]LogContentBrowser: Native class hierarchy updated for 'WidgetCarousel' in 0.0003 seconds. Added 0 classes and 0 folders.
[2019.03.26-22.29.28:111][  0]LogPakFile: Registered encryption key '00000000000000000000000000000000': 0 pak files mounted, 0 remain pending
[2019.03.26-22.29.28:112][  0]LogPakFile: Registered encryption key '00000000000000000000000000000000': 0 pak files mounted, 0 remain pending
[2019.03.26-22.29.28:112][  0]LogPakFile: Registered encryption key '00000000000000000000000000000000': 0 pak files mounted, 0 remain pending
[2019.03.26-22.29.28:113][  0]LogPakFile: Registered encryption key '00000000000000000000000000000000': 0 pak files mounted, 0 remain pending
[2019.03.26-22.29.28:113][  0]LogPakFile: Registered encryption key '00000000000000000000000000000000': 0 pak files mounted, 0 remain pending
[2019.03.26-22.29.28:114][  0]LogPakFile: Registered encryption key '00000000000000000000000000000000': 0 pak files mounted, 0 remain pending
[2019.03.26-22.29.28:114][  0]LogPakFile: Registered encryption key '00000000000000000000000000000000': 0 pak files mounted, 0 remain pending
[2019.03.26-22.29.28:115][  0]LogPakFile: Registered encryption key '00000000000000000000000000000000': 0 pak files mounted, 0 remain pending
[2019.03.26-22.29.28:115][  0]LogPakFile: Registered encryption key '00000000000000000000000000000000': 0 pak files mounted, 0 remain pending
[2019.03.26-22.29.28:116][  0]LogPakFile: Registered encryption key '00000000000000000000000000000000': 0 pak files mounted, 0 remain pending
[2019.03.26-22.29.28:116][  0]LogPakFile: Registered encryption key '00000000000000000000000000000000': 0 pak files mounted, 0 remain pending
[2019.03.26-22.29.28:117][  0]LogPakFile: Registered encryption key '00000000000000000000000000000000': 0 pak files mounted, 0 remain pending
[2019.03.26-22.29.28:117][  0]LogPakFile: Registered encryption key '00000000000000000000000000000000': 0 pak files mounted, 0 remain pending
[2019.03.26-22.29.28:118][  0]LogPakFile: Registered encryption key '00000000000000000000000000000000': 0 pak files mounted, 0 remain pending
[2019.03.26-22.29.28:118][  0]LogPakFile: Registered encryption key '00000000000000000000000000000000': 0 pak files mounted, 0 remain pending
[2019.03.26-22.29.28:119][  0]LogPakFile: Registered encryption key '00000000000000000000000000000000': 0 pak files mounted, 0 remain pending
[2019.03.26-22.29.28:119][  0]LogPakFile: Registered encryption key '00000000000000000000000000000000': 0 pak files mounted, 0 remain pending
[2019.03.26-22.29.28:120][  0]LogPakFile: Registered encryption key '00000000000000000000000000000000': 0 pak files mounted, 0 remain pending
[2019.03.26-22.29.28:120][  0]LogPakFile: Registered encryption key '00000000000000000000000000000000': 0 pak files mounted, 0 remain pending
[2019.03.26-22.29.28:121][  0]LogPakFile: Registered encryption key '00000000000000000000000000000000': 0 pak files mounted, 0 remain pending
[2019.03.26-22.29.28:121][  0]LogPakFile: Registered encryption key '00000000000000000000000000000000': 0 pak files mounted, 0 remain pending
[2019.03.26-22.29.28:122][  0]LogPakFile: Registered encryption key '00000000000000000000000000000000': 0 pak files mounted, 0 remain pending
[2019.03.26-22.29.28:122][  0]LogPakFile: Registered encryption key '00000000000000000000000000000000': 0 pak files mounted, 0 remain pending
[2019.03.26-22.29.28:123][  0]LogPakFile: Registered encryption key '00000000000000000000000000000000': 0 pak files mounted, 0 remain pending
[2019.03.26-22.29.28:123][  0]LogPakFile: Registered encryption key '00000000000000000000000000000000': 0 pak files mounted, 0 remain pending
[2019.03.26-22.29.28:124][  0]LogPakFile: Registered encryption key '00000000000000000000000000000000': 0 pak files mounted, 0 remain pending
[2019.03.26-22.29.28:158][  0]LogContentBrowser: Native class hierarchy updated for 'AddContentDialog' in 0.0003 seconds. Added 0 classes and 0 folders.
[2019.03.26-22.29.28:166][  0]LogContentBrowser: Native class hierarchy updated for 'SceneOutliner' in 0.0003 seconds. Added 1 classes and 2 folders.
[2019.03.26-22.29.28:256][  0]LogSlate: Took 0.000210 seconds to synchronously load lazily loaded font '../../../Engine/Content/Slate/Fonts/Roboto-Regular.ttf' (155K)
[2019.03.26-22.29.28:258][  0]LogSlate: Took 0.000182 seconds to synchronously load lazily loaded font '../../../Engine/Content/Slate/Fonts/Roboto-Bold.ttf' (160K)
[2019.03.26-22.29.28:263][  0]LogSlate: Took 0.000233 seconds to synchronously load lazily loaded font '../../../Engine/Content/Editor/Slate/Fonts/FontAwesome.ttf' (139K)
[2019.03.26-22.29.28:334][  0]LogRenderer: Reallocating scene render targets to support 988x620 Format 10 NumSamples 1 (Frame:1).
[2019.03.26-22.29.28:505][  0]LogContentBrowser: Native class hierarchy updated for 'HierarchicalLODOutliner' in 0.0003 seconds. Added 0 classes and 0 folders.
[2019.03.26-22.29.28:505][  0]LogLoad: (Engine Initialization) Total time: 10.41 seconds
[2019.03.26-22.29.28:505][  0]LogLoad: (Engine Initialization) Total Blueprint compile time: 0.00 seconds
[2019.03.26-22.29.28:515][  0]LogWindowsTextInputMethodSystem: Display: IME system now deactivated.
[2019.03.26-22.29.28:574][  0]LogContentStreaming: Texture pool size now 1000 MB
[2019.03.26-22.29.28:594][  0]LogSlate: Took 0.000180 seconds to synchronously load lazily loaded font '../../../Engine/Content/Slate/Fonts/Roboto-Light.ttf' (167K)
[2019.03.26-22.29.28:693][  2]LogAssetRegistry: Asset discovery search completed in 5.8583 seconds
[2019.03.26-22.29.28:695][  2]LogCollectionManager: Rebuilt the object cache for 0 collections in 0.000000 seconds (found 0 objects)
[2019.03.26-22.29.28:695][  2]LogCollectionManager: Fixed up redirectors for 0 collections in 0.000099 seconds (updated 0 objects)
[2019.03.26-22.29.30:018][147]LogSlate: FSceneViewport::OnFocusLost() reason 0
[2019.03.26-22.29.40:094][353]LogSlate: Took 0.000205 seconds to synchronously load lazily loaded font '../../../Engine/Content/Slate/Fonts/Roboto-Light.ttf' (167K)
[2019.03.26-22.29.40:101][353]LogAssetEditorManager: Opening Asset editor for Blueprint /Game/FlyingBP/Blueprints/FlyingPawn.FlyingPawn
[2019.03.26-22.29.40:504][353]LogContentBrowser: Native class hierarchy updated for 'BlueprintGraph' in 0.0007 seconds. Added 117 classes and 0 folders.
[2019.03.26-22.29.41:220][353]LogSlate: Took 0.000220 seconds to synchronously load lazily loaded font '../../../Engine/Content/Slate/Fonts/Roboto-BoldCondensed.ttf' (158K)
[2019.03.26-22.29.45:067][715]LogSlate: Window 'FlyingPawn' being destroyed
[2019.03.26-22.29.45:071][715]LogSlate: Window 'FlyingPawn' being destroyed
[2019.03.26-22.30.01:799][710]LogAssetEditorManager: Opening Asset editor for Blueprint /Game/FlyingBP/Blueprints/FlyingPawn.FlyingPawn
[2019.03.26-22.30.03:435][827]LogSlate: Took 0.000224 seconds to synchronously load lazily loaded font '../../../Engine/Content/Slate/Fonts/Roboto-Italic.ttf' (157K)
[2019.03.26-22.30.10:081][418]LogSlate: FSceneViewport::OnFocusLost() reason 0
[2019.03.26-22.30.14:678][901]LogEditorTransaction: Undo Add Component
[2019.03.26-22.31.12:809][182]LogEditorTransaction: Undo Set Scale
[2019.03.26-22.31.12:818][182]LogOutputDevice: Warning: 

Script Stack (0 frames):

[2019.03.26-22.31.13:624][182]LogStats: FPlatformStackWalk::StackWalkAndDump -  0.806 s
[2019.03.26-22.31.13:624][182]LogOutputDevice: Error: === Handled ensure: ===
[2019.03.26-22.31.13:624][182]LogOutputDevice: Error: 
[2019.03.26-22.31.13:624][182]LogOutputDevice: Error: Ensure condition failed: !GIsTransacting [File:D:\Build\++UE4\Sync\Engine\Source\Editor\UnrealEd\Classes\Editor/TransBuffer.h] [Line: 72]
[2019.03.26-22.31.13:624][182]LogOutputDevice: Error: 
[2019.03.26-22.31.13:624][182]LogOutputDevice: Error: Stack: 
[2019.03.26-22.31.13:624][182]LogOutputDevice: Error: [Callstack] 0x00007fff011699a6 UE4Editor-UnrealEd.dll!UnknownFunction []
[2019.03.26-22.31.13:624][182]LogOutputDevice: Error: [Callstack] 0x00007fff0110f8ca UE4Editor-UnrealEd.dll!UnknownFunction []
[2019.03.26-22.31.13:624][182]LogOutputDevice: Error: [Callstack] 0x00007ffeddd9fa42 UE4Editor-DetailCustomizations.dll!UnknownFunction []
[2019.03.26-22.31.13:624][182]LogOutputDevice: Error: [Callstack] 0x00007ffeddda0795 UE4Editor-DetailCustomizations.dll!UnknownFunction []
[2019.03.26-22.31.13:624][182]LogOutputDevice: Error: [Callstack] 0x00007ffeddd4d4c1 UE4Editor-DetailCustomizations.dll!UnknownFunction []
[2019.03.26-22.31.13:625][182]LogOutputDevice: Error: [Callstack] 0x00007fff041efe72 UE4Editor-Slate.dll!UnknownFunction []
[2019.03.26-22.31.13:625][182]LogOutputDevice: Error: [Callstack] 0x00007fff041b4809 UE4Editor-Slate.dll!UnknownFunction []
[2019.03.26-22.31.13:625][182]LogOutputDevice: Error: [Callstack] 0x00007fff0425c40e UE4Editor-Slate.dll!UnknownFunction []
[2019.03.26-22.31.13:625][182]LogOutputDevice: Error: [Callstack] 0x00007fff04069ca1 UE4Editor-Slate.dll!UnknownFunction []
[2019.03.26-22.31.13:625][182]LogOutputDevice: Error: [Callstack] 0x00007fff04000fd4 UE4Editor-Slate.dll!UnknownFunction []
[2019.03.26-22.31.13:625][182]LogOutputDevice: Error: [Callstack] 0x00007fff007982c4 UE4Editor-Kismet.dll!UnknownFunction []
[2019.03.26-22.31.13:625][182]LogOutputDevice: Error: [Callstack] 0x00007fff004fe84f UE4Editor-Kismet.dll!UnknownFunction []
[2019.03.26-22.31.13:625][182]LogOutputDevice: Error: [Callstack] 0x00007fff004d2279 UE4Editor-Kismet.dll!UnknownFunction []
[2019.03.26-22.31.13:625][182]LogOutputDevice: Error: [Callstack] 0x00007fff0089cb23 UE4Editor-Kismet.dll!UnknownFunction []
[2019.03.26-22.31.13:625][182]LogOutputDevice: Error: [Callstack] 0x00007fff0087ea20 UE4Editor-Kismet.dll!UnknownFunction []
[2019.03.26-22.31.13:625][182]LogOutputDevice: Error: [Callstack] 0x00007fff00828524 UE4Editor-Kismet.dll!UnknownFunction []
[2019.03.26-22.31.13:625][182]LogOutputDevice: Error: [Callstack] 0x00007fff0088598a UE4Editor-Kismet.dll!UnknownFunction []
[2019.03.26-22.31.13:625][182]LogOutputDevice: Error: [Callstack] 0x00007fff004b0a4b UE4Editor-Kismet.dll!UnknownFunction []
[2019.03.26-22.31.13:625][182]LogOutputDevice: Error: [Callstack] 0x00007fff004e36ee UE4Editor-Kismet.dll!UnknownFunction []
[2019.03.26-22.31.13:625][182]LogOutputDevice: Error: [Callstack] 0x00007fff0050602d UE4Editor-Kismet.dll!UnknownFunction []
[2019.03.26-22.31.13:625][182]LogOutputDevice: Error: [Callstack] 0x00007fff0110fefd UE4Editor-UnrealEd.dll!UnknownFunction []
[2019.03.26-22.31.13:625][182]LogOutputDevice: Error: [Callstack] 0x00007fff0113ac16 UE4Editor-UnrealEd.dll!UnknownFunction []
[2019.03.26-22.31.13:625][182]LogOutputDevice: Error: [Callstack] 0x00007fff0112132c UE4Editor-UnrealEd.dll!UnknownFunction []
[2019.03.26-22.31.13:625][182]LogOutputDevice: Error: [Callstack] 0x00007fff0118b347 UE4Editor-UnrealEd.dll!UnknownFunction []
[2019.03.26-22.31.13:625][182]LogOutputDevice: Error: [Callstack] 0x00007fff011cf64f UE4Editor-UnrealEd.dll!UnknownFunction []
[2019.03.26-22.31.13:625][182]LogOutputDevice: Error: [Callstack] 0x00007fff0116718f UE4Editor-UnrealEd.dll!UnknownFunction []
[2019.03.26-22.31.13:625][182]LogOutputDevice: Error: [Callstack] 0x00007fff004d2fc8 UE4Editor-Kismet.dll!UnknownFunction []
[2019.03.26-22.31.13:625][182]LogOutputDevice: Error: [Callstack] 0x00007fff0400206f UE4Editor-Slate.dll!UnknownFunction []
[2019.03.26-22.31.13:625][182]LogOutputDevice: Error: [Callstack] 0x00007fff04044c8e UE4Editor-Slate.dll!UnknownFunction []
[2019.03.26-22.31.13:625][182]LogOutputDevice: Error: [Callstack] 0x00007fff019e6c2e UE4Editor-UnrealEd.dll!UnknownFunction []
[2019.03.26-22.31.13:625][182]LogOutputDevice: Error: [Callstack] 0x00007fff019d4bc8 UE4Editor-UnrealEd.dll!UnknownFunction []
[2019.03.26-22.31.13:625][182]LogOutputDevice: Error: [Callstack] 0x00007fff03fc694c UE4Editor-Slate.dll!UnknownFunction []
[2019.03.26-22.31.13:625][182]LogOutputDevice: Error: [Callstack] 0x00007fff0404697c UE4Editor-Slate.dll!UnknownFunction []
[2019.03.26-22.31.13:625][182]LogOutputDevice: Error: [Callstack] 0x00007fff04039a36 UE4Editor-Slate.dll!UnknownFunction []
[2019.03.26-22.31.13:625][182]LogOutputDevice: Error: [Callstack] 0x00007fff1a4edaa4 UE4Editor-ApplicationCore.dll!UnknownFunction []
[2019.03.26-22.31.13:625][182]LogOutputDevice: Error: [Callstack] 0x00007fff1a4e0de0 UE4Editor-ApplicationCore.dll!UnknownFunction []
[2019.03.26-22.31.13:625][182]LogOutputDevice: Error: [Callstack] 0x00007fff1a4f01eb UE4Editor-ApplicationCore.dll!UnknownFunction []
[2019.03.26-22.31.13:625][182]LogOutputDevice: Error: [Callstack] 0x00007fff1a4dca19 UE4Editor-ApplicationCore.dll!UnknownFunction []
[2019.03.26-22.31.13:625][182]LogOutputDevice: Error: [Callstack] 0x00007fff37f86d41 USER32.dll!UnknownFunction []
[2019.03.26-22.31.13:625][182]LogOutputDevice: Error: [Callstack] 0x00007fff37f86713 USER32.dll!UnknownFunction []
[2019.03.26-22.31.13:625][182]LogOutputDevice: Error: [Callstack] 0x00007fff1a4f1746 UE4Editor-ApplicationCore.dll!UnknownFunction []
[2019.03.26-22.31.13:625][182]LogOutputDevice: Error: [Callstack] 0x00007ff74ef45546 UE4Editor.exe!UnknownFunction []
[2019.03.26-22.31.13:625][182]LogOutputDevice: Error: [Callstack] 0x00007ff74ef5596c UE4Editor.exe!UnknownFunction []
[2019.03.26-22.31.13:625][182]LogOutputDevice: Error: [Callstack] 0x00007ff74ef559ea UE4Editor.exe!UnknownFunction []
[2019.03.26-22.31.13:625][182]LogOutputDevice: Error: [Callstack] 0x00007ff74ef648da UE4Editor.exe!UnknownFunction []
[2019.03.26-22.31.13:625][182]LogOutputDevice: Error: [Callstack] 0x00007ff74ef6659a UE4Editor.exe!UnknownFunction []
[2019.03.26-22.31.13:625][182]LogOutputDevice: Error: [Callstack] 0x00007fff3a323dc4 KERNEL32.DLL!UnknownFunction []
[2019.03.26-22.31.13:625][182]LogOutputDevice: Error: [Callstack] 0x00007fff3a773691 ntdll.dll!UnknownFunction []
[2019.03.26-22.31.13:625][182]LogOutputDevice: Error: 
[2019.03.26-22.31.13:626][182]LogStats:                SubmitErrorReport -  0.000 s
[2019.03.26-22.31.14:698][182]LogStats:                    SendNewReport -  1.072 s
[2019.03.26-22.31.14:698][182]LogStats:             FDebug::EnsureFailed -  1.880 s
[2019.03.26-22.31.22:745][915]Cmd: TRANSACTION UNDO
[2019.03.26-22.31.22:745][915]LogEditorTransaction: Undo Set Scale
[2019.03.26-22.31.27:410][437]Cmd: TRANSACTION UNDO
[2019.03.26-22.31.27:410][437]LogEditorTransaction: Undo Edit Template
[2019.03.26-22.31.28:942][589]Cmd: TRANSACTION REDO
[2019.03.26-22.31.28:942][589]LogEditorTransaction: Redo Edit Template
[2019.03.26-22.31.31:670][876]LogSlate: FSceneViewport::OnFocusLost() reason 0
[2019.03.26-22.31.46:487][258]LogSlate: FSceneViewport::OnFocusLost() reason 0
[2019.03.26-22.31.46:549][265]BlueprintLog: New page: Compile FlyingPawn
[2019.03.26-22.32.06:911][967]LogSlate: FSceneViewport::OnFocusLost() reason 0
[2019.03.26-22.32.11:382][354]LogSlate: FSceneViewport::OnFocusLost() reason 2
[2019.03.26-22.32.15:109][693]LogSlate: FSceneViewport::OnFocusLost() reason 2
[2019.03.26-22.32.18:586][ 20]LogSlate: FSceneViewport::OnFocusLost() reason 0
[2019.03.26-22.32.38:357][759]BlueprintLog: New page: Compile FlyingPawn
[2019.03.26-22.32.41:404][ 29]LogTemp: Repeating last play command: Selected Viewport
[2019.03.26-22.32.41:428][ 29]LogBlueprintUserMessages: Early PlayInEditor Detection: Level '/Game/Level1/SampleLevel.SampleLevel:PersistentLevel' has LevelScriptBlueprint '/Game/Level1/SampleLevel.SampleLevel:PersistentLevel.SampleLevel' with GeneratedClass '/Game/Level1/SampleLevel.SampleLevel_C' with ClassGeneratedBy '/Game/Level1/SampleLevel.SampleLevel:PersistentLevel.SampleLevel'
[2019.03.26-22.32.41:428][ 29]LogPlayLevel: PlayLevel: No blueprints needed recompiling
[2019.03.26-22.32.41:429][ 29]PIE: New page: PIE session: SampleLevel (Mar 26, 2019, 2:32:41 PM)
[2019.03.26-22.32.41:441][ 29]LogPlayLevel: Creating play world package: /Game/Level1/UEDPIE_0_SampleLevel
[2019.03.26-22.32.41:471][ 29]LogPlayLevel: PIE: StaticDuplicateObject took: (0.029686s)
[2019.03.26-22.32.41:471][ 29]LogAIModule: Creating AISystem for world SampleLevel
[2019.03.26-22.32.41:472][ 29]LogPlayLevel: PIE: World Init took: (0.000629s)
[2019.03.26-22.32.41:472][ 29]LogPlayLevel: PIE: Created PIE world by copying editor world from /Game/Level1/SampleLevel.SampleLevel to /Game/Level1/UEDPIE_0_SampleLevel.SampleLevel (0.030729s)
[2019.03.26-22.32.41:551][ 29]LogInit: XAudio2 using 'DELL U2417H-C (NVIDIA High Definition Audio)' : 2 channels at 48 kHz using 16 bits per sample (channel mask 0x3)
[2019.03.26-22.32.41:569][ 29]LogInit: FAudioDevice initialized.
[2019.03.26-22.32.41:609][ 29]LogLoad: Game class is 'FlyingGameMode_C'
[2019.03.26-22.32.41:613][ 29]LogWorld: Bringing World /Game/Level1/UEDPIE_0_SampleLevel.SampleLevel up for play (max tick rate 0) at 2019.03.26-18.32.41
[2019.03.26-22.32.41:613][ 29]LogWorld: Bringing up level for play took: 0.003099
[2019.03.26-22.32.41:631][ 29]LogContentBrowser: Native class hierarchy updated for 'MovieSceneCapture' in 0.0003 seconds. Added 20 classes and 0 folders.
[2019.03.26-22.32.41:634][ 29]PIE: Play in editor start time for /Game/Level1/UEDPIE_0_SampleLevel -0.269
[2019.03.26-22.32.41:634][ 29]LogBlueprintUserMessages: Late PlayInEditor Detection: Level '/Game/Level1/SampleLevel.SampleLevel:PersistentLevel' has LevelScriptBlueprint '/Game/Level1/SampleLevel.SampleLevel:PersistentLevel.SampleLevel' with GeneratedClass '/Game/Level1/SampleLevel.SampleLevel_C' with ClassGeneratedBy '/Game/Level1/SampleLevel.SampleLevel:PersistentLevel.SampleLevel'
[2019.03.26-22.32.49:213][935]LogBlueprintUserMessages: Early EndPlayMap Detection: Level '/Game/Level1/SampleLevel.SampleLevel:PersistentLevel' has LevelScriptBlueprint '/Game/Level1/SampleLevel.SampleLevel:PersistentLevel.SampleLevel' with GeneratedClass '/Game/Level1/SampleLevel.SampleLevel_C' with ClassGeneratedBy '/Game/Level1/SampleLevel.SampleLevel:PersistentLevel.SampleLevel'
[2019.03.26-22.32.49:213][935]LogSlate: Updating window title bar state: overlay mode, drag disabled, window buttons hidden, title bar hidden
[2019.03.26-22.32.49:251][935]LogPlayLevel: Display: Shutting down PIE online subsystems
[2019.03.26-22.32.49:252][935]LogBlueprintUserMessages: Late EndPlayMap Detection: Level '/Game/Level1/SampleLevel.SampleLevel:PersistentLevel' has LevelScriptBlueprint '/Game/Level1/SampleLevel.SampleLevel:PersistentLevel.SampleLevel' with GeneratedClass '/Game/Level1/SampleLevel.SampleLevel_C' with ClassGeneratedBy '/Game/Level1/SampleLevel.SampleLevel:PersistentLevel.SampleLevel'
[2019.03.26-22.32.49:283][935]LogSlate: Updating window title bar state: overlay mode, drag disabled, window buttons hidden, title bar hidden
[2019.03.26-22.32.49:312][936]LogPlayLevel: Display: Destroying online subsystem :Context_9
[2019.03.26-22.32.51:193][158]LogSlate: FSceneViewport::OnFocusLost() reason 0
[2019.03.26-22.32.58:813][810]LogSlate: FSceneViewport::OnFocusLost() reason 0
[2019.03.26-22.33.20:966][803]LogSlate: FSceneViewport::OnFocusLost() reason 0
[2019.03.26-22.33.21:057][812]BlueprintLog: New page: Compile FlyingPawn
[2019.03.26-22.33.48:476][ 10]LogAssetEditorManager: Opening Asset editor for LevelScriptBlueprint /Game/Level1/SampleLevel.SampleLevel:PersistentLevel.SampleLevel
[2019.03.26-22.34.37:730][704]LogUObjectArray: Warning: Empty slot
[2019.03.26-22.34.37:730][704]LogOutputDevice: Warning: 

Script Stack (0 frames):

[2019.03.26-22.34.39:630][704]LogStats: FPlatformStackWalk::StackWalkAndDump -  1.899 s
[2019.03.26-22.34.39:630][704]LogOutputDevice: Error: === Handled ensure: ===
[2019.03.26-22.34.39:630][704]LogOutputDevice: Error: 
[2019.03.26-22.34.39:630][704]LogOutputDevice: Error: Ensure condition failed: false [File:D:\Build\++UE4\Sync\Engine\Source\Editor\UnrealEd\Private\Kismet2\KismetDebugUtilities.cpp] [Line: 1154]
[2019.03.26-22.34.39:630][704]LogOutputDevice: Error: Error: Invalid (but non-null) property associated with pin; cannot get variable value
[2019.03.26-22.34.39:630][704]LogOutputDevice: Error: Stack: 
[2019.03.26-22.34.39:630][704]LogOutputDevice: Error: [Callstack] 0x00007fff015681e4 UE4Editor-UnrealEd.dll!UnknownFunction []
[2019.03.26-22.34.39:630][704]LogOutputDevice: Error: [Callstack] 0x00007fff015780ae UE4Editor-UnrealEd.dll!UnknownFunction []
[2019.03.26-22.34.39:630][704]LogOutputDevice: Error: [Callstack] 0x00007ffef1ecbcba UE4Editor-BlueprintGraph.dll!UnknownFunction []
[2019.03.26-22.34.39:630][704]LogOutputDevice: Error: [Callstack] 0x00007ffef111776a UE4Editor-GraphEditor.dll!UnknownFunction []
[2019.03.26-22.34.39:630][704]LogOutputDevice: Error: [Callstack] 0x00007ffef10d0877 UE4Editor-GraphEditor.dll!UnknownFunction []
[2019.03.26-22.34.39:630][704]LogOutputDevice: Error: [Callstack] 0x00007fff04017c74 UE4Editor-Slate.dll!UnknownFunction []
[2019.03.26-22.34.39:630][704]LogOutputDevice: Error: [Callstack] 0x00007fff04264393 UE4Editor-Slate.dll!UnknownFunction []
[2019.03.26-22.34.39:630][704]LogOutputDevice: Error: [Callstack] 0x00007fff04072d7a UE4Editor-Slate.dll!UnknownFunction []
[2019.03.26-22.34.39:630][704]LogOutputDevice: Error: [Callstack] 0x00007fff04048a70 UE4Editor-Slate.dll!UnknownFunction []
[2019.03.26-22.34.39:630][704]LogOutputDevice: Error: [Callstack] 0x00007fff0403b263 UE4Editor-Slate.dll!UnknownFunction []
[2019.03.26-22.34.39:630][704]LogOutputDevice: Error: [Callstack] 0x00007fff1a4edc66 UE4Editor-ApplicationCore.dll!UnknownFunction []
[2019.03.26-22.34.39:630][704]LogOutputDevice: Error: [Callstack] 0x00007fff1a4e0de0 UE4Editor-ApplicationCore.dll!UnknownFunction []
[2019.03.26-22.34.39:630][704]LogOutputDevice: Error: [Callstack] 0x00007fff1a4f01eb UE4Editor-ApplicationCore.dll!UnknownFunction []
[2019.03.26-22.34.39:630][704]LogOutputDevice: Error: [Callstack] 0x00007fff1a4dca19 UE4Editor-ApplicationCore.dll!UnknownFunction []
[2019.03.26-22.34.39:630][704]LogOutputDevice: Error: [Callstack] 0x00007fff37f86d41 USER32.dll!UnknownFunction []
[2019.03.26-22.34.39:630][704]LogOutputDevice: Error: [Callstack] 0x00007fff37f86713 USER32.dll!UnknownFunction []
[2019.03.26-22.34.39:630][704]LogOutputDevice: Error: [Callstack] 0x00007fff1a4f1746 UE4Editor-ApplicationCore.dll!UnknownFunction []
[2019.03.26-22.34.39:630][704]LogOutputDevice: Error: [Callstack] 0x00007ff74ef45546 UE4Editor.exe!UnknownFunction []
[2019.03.26-22.34.39:630][704]LogOutputDevice: Error: [Callstack] 0x00007ff74ef5596c UE4Editor.exe!UnknownFunction []
[2019.03.26-22.34.39:630][704]LogOutputDevice: Error: [Callstack] 0x00007ff74ef559ea UE4Editor.exe!UnknownFunction []
[2019.03.26-22.34.39:630][704]LogOutputDevice: Error: [Callstack] 0x00007ff74ef648da UE4Editor.exe!UnknownFunction []
[2019.03.26-22.34.39:630][704]LogOutputDevice: Error: [Callstack] 0x00007ff74ef6659a UE4Editor.exe!UnknownFunction []
[2019.03.26-22.34.39:630][704]LogOutputDevice: Error: [Callstack] 0x00007fff3a323dc4 KERNEL32.DLL!UnknownFunction []
[2019.03.26-22.34.39:630][704]LogOutputDevice: Error: [Callstack] 0x00007fff3a773691 ntdll.dll!UnknownFunction []
[2019.03.26-22.34.39:630][704]LogOutputDevice: Error: 
[2019.03.26-22.34.39:631][704]LogStats:                SubmitErrorReport -  0.000 s
